SF:lib/features/leader_board/data/datasource/leaderboard_store.dart
DA:9,1
DA:10,2
DA:11,1
DA:14,1
DA:15,2
DA:16,2
DA:17,2
DA:18,3
DA:19,4
DA:21,2
LF:10
LH:10
end_of_record
SF:lib/features/leader_board/domain/entity/leaderboard_entry.g.dart
DA:13,0
DA:15,0
DA:16,0
DA:17,0
DA:19,0
DA:20,0
DA:21,0
DA:22,0
DA:23,0
DA:27,1
DA:30,1
DA:31,1
DA:32,2
DA:33,1
DA:34,2
DA:35,1
DA:36,2
DA:37,1
DA:38,2
DA:41,0
DA:42,0
DA:44,0
DA:47,0
DA:48,0
DA:49,0
LF:25
LH:10
end_of_record
SF:lib/features/leader_board/domain/entity/leaderboard_entry.dart
DA:16,2
LF:1
LH:1
end_of_record
SF:lib/features/leader_board/presentation/bloc/cubit/leaderboard_cubit.dart
DA:9,2
DA:11,1
DA:12,3
DA:13,2
DA:14,3
DA:17,1
DA:18,3
DA:19,2
DA:22,1
DA:24,1
LF:10
LH:10
end_of_record
SF:lib/features/leader_board/presentation/bloc/cubit/leaderboard_state.dart
DA:7,3
DA:8,1
DA:9,2
DA:10,1
DA:11,3
LF:5
LH:5
end_of_record
SF:lib/features/core/res/string_res.dart
DA:90,0
DA:91,0
DA:92,0
LF:3
LH:0
end_of_record
